0 info it worked if it ends with ok
1 verbose cli [ 'node', '/usr/local/bin/npm', 'start' ]
2 info using npm@2.0.0-alpha-5
3 info using node@v0.10.29
4 verbose node symlink /usr/local/bin/node
5 verbose run-script [ 'prestart', 'start', 'poststart' ]
6 info prestart server@0.0.0
7 info start server@0.0.0
8 verbose unsafe-perm in lifecycle true
9 info server@0.0.0 Failed to exec start script
10 error server@0.0.0 start: `NODE_ENV=production nodemon ./bin/www`
10 error Exit status 8
11 error Failed at the server@0.0.0 start script.
11 error This is most likely a problem with the server package,
11 error not with npm itself.
11 error Tell the author that this fails on your system:
11 error     NODE_ENV=production nodemon ./bin/www
11 error You can get their info via:
11 error     npm owner ls server
11 error There is likely additional logging output above.
12 error System Darwin 14.4.0
13 error command "node" "/usr/local/bin/npm" "start"
14 error cwd /Users/Trish/dev/regalpuffin/server
15 error node -v v0.10.29
16 error npm -v 2.0.0-alpha-5
17 error code ELIFECYCLE
18 verbose exit [ 1, true ]
